0 info it worked if it ends with ok
1 verbose cli [ 'C:\\Program Files\\nodejs\\node.exe',
1 verbose cli   'C:\\Program Files\\nodejs\\node_modules\\npm\\bin\\npm-cli.js',
1 verbose cli   'start' ]
2 info using npm@3.10.3
3 info using node@v6.3.0
4 verbose run-script [ 'prestart', 'start', 'poststart' ]
5 info lifecycle pdf-annotate.js@0.0.0~prestart: pdf-annotate.js@0.0.0
6 silly lifecycle pdf-annotate.js@0.0.0~prestart: no script for prestart, continuing
7 info lifecycle pdf-annotate.js@0.0.0~start: pdf-annotate.js@0.0.0
8 verbose lifecycle pdf-annotate.js@0.0.0~start: unsafe-perm in lifecycle true
9 verbose lifecycle pdf-annotate.js@0.0.0~start: PATH: C:\Program Files\nodejs\node_modules\npm\bin\node-gyp-bin;D:\Projects\Delk\sources\medxview\pdf-annotate\node_modules\.bin;C:\Program Files\nodejs;C:/Program Files/Java/jre1.8.0_91/bin/server;C:/Program Files/Java/jre1.8.0_91/bin;C:/Program Files/Java/jre1.8.0_91/lib/amd64;C:\WINDOWS\CCM\;C:\ProgramData\Oracle\Java\javapath;C:\WINDOWS\system32;C:\WINDOWS;C:\WINDOWS\System32\Wbem;C:\WINDOWS\System32\WindowsPowerShell\v1.0\;C:\Program Files\TortoiseSVN\bin;C:\Program Files (x86)\Plantronics\Spokes3G\;C:\Program Files (x86)\Skype\Phone\;C:\Program Files\Microsoft\Web Platform Installer\;c:\Program Files (x86)\Microsoft SQL Server\100\Tools\Binn\;c:\Program Files\Microsoft SQL Server\100\Tools\Binn\;c:\Program Files\Microsoft SQL Server\100\DTS\Binn\;C:\WINDOWS\system32\config\systemprofile\.dnx\bin;C:\Program Files\Microsoft DNX\Dnvm\;C:\Program Files\Microsoft SQL Server\130\Tools\Binn\;D:\Projects\delk\apache-maven-3.3.9\bin\;C:\Program Files (x86)\GitExtensions\;D:\Projects\delk\chromedriver;C:\Program Files\Git\cmd;C:\Program Files\nodejs\;D:\Projects\delk\geckodriver;D:\Projects\Delk\sources\medxview\jodconverter\hyperic-sigar-1.6.4\sigar-bin\lib;C:\Users\serhiy_golodychenko\AppData\Roaming\npm;C:\Users\serhiy_golodychenko\eclipse\java-neon\eclipse;
10 verbose lifecycle pdf-annotate.js@0.0.0~start: CWD: D:\Projects\Delk\sources\medxview\pdf-annotate
11 silly lifecycle pdf-annotate.js@0.0.0~start: Args: [ '/d /s /c', 'npm run start-web' ]
12 silly lifecycle pdf-annotate.js@0.0.0~start: Returned: code: 1  signal: null
13 info lifecycle pdf-annotate.js@0.0.0~start: Failed to exec start script
14 verbose stack Error: pdf-annotate.js@0.0.0 start: `npm run start-web`
14 verbose stack Exit status 1
14 verbose stack     at EventEmitter.<anonymous> (C:\Program Files\nodejs\node_modules\npm\lib\utils\lifecycle.js:242:16)
14 verbose stack     at emitTwo (events.js:106:13)
14 verbose stack     at EventEmitter.emit (events.js:191:7)
14 verbose stack     at ChildProcess.<anonymous> (C:\Program Files\nodejs\node_modules\npm\lib\utils\spawn.js:40:14)
14 verbose stack     at emitTwo (events.js:106:13)
14 verbose stack     at ChildProcess.emit (events.js:191:7)
14 verbose stack     at maybeClose (internal/child_process.js:852:16)
14 verbose stack     at Process.ChildProcess._handle.onexit (internal/child_process.js:215:5)
15 verbose pkgid pdf-annotate.js@0.0.0
16 verbose cwd D:\Projects\Delk\sources\medxview\pdf-annotate
17 error Windows_NT 10.0.10586
18 error argv "C:\\Program Files\\nodejs\\node.exe" "C:\\Program Files\\nodejs\\node_modules\\npm\\bin\\npm-cli.js" "start"
19 error node v6.3.0
20 error npm  v3.10.3
21 error code ELIFECYCLE
22 error pdf-annotate.js@0.0.0 start: `npm run start-web`
22 error Exit status 1
23 error Failed at the pdf-annotate.js@0.0.0 start script 'npm run start-web'.
23 error Make sure you have the latest version of node.js and npm installed.
23 error If you do, this is most likely a problem with the pdf-annotate.js package,
23 error not with npm itself.
23 error Tell the author that this fails on your system:
23 error     npm run start-web
23 error You can get information on how to open an issue for this project with:
23 error     npm bugs pdf-annotate.js
23 error Or if that isn't available, you can get their info via:
23 error     npm owner ls pdf-annotate.js
23 error There is likely additional logging output above.
24 verbose exit [ 1, true ]
